2025-03-18 21:29:49,846 - db_fetcher - INFO - inserting into db: Bicep Curl 2025-03-18
2025-03-18 21:30:55,162 - db_fetcher - INFO - inserting into db: Bicep Curl 2025-03-19
2025-03-18 21:32:46,386 - db_fetcher - INFO - inserting into db: Bicep Curl 2025-03-19
2025-03-18 21:36:26,019 - db_fetcher - INFO - fetching from db: curl
2025-03-18 21:37:08,037 - db_fetcher - INFO - fetching from db: curl
2025-03-18 21:37:21,909 - db_fetcher - INFO - fetching from db: curl
2025-03-18 21:38:39,830 - db_fetcher - INFO - inserting into db: Bicep Curl 2025-03-19
2025-03-18 21:40:39,227 - db_fetcher - INFO - inserting into db: Bicep Curl 2025-03-19
2025-03-18 21:50:53,139 - db_fetcher - INFO - delete from db '2025-10-10'
2025-03-18 21:51:57,995 - db_fetcher - INFO - delete from db '2025-10-10', 'curl'
2025-03-19 21:59:51,084 - db_fetcher - INFO - fetching from db: "Bicep Curl"
2025-03-19 22:00:50,337 - db_fetcher - INFO - fetching from db: "Bicep Curl"
2025-03-19 22:01:33,202 - db_fetcher - INFO - fetching from db: Bicep Curl
2025-03-19 22:01:52,724 - db_fetcher - INFO - inserting into db: Curl 2025-03-19
2025-03-19 22:02:02,446 - db_fetcher - INFO - fetching from db: "Curl"
2025-03-19 22:04:53,515 - db_fetcher - INFO - fetching from db: Curl
2025-03-19 22:05:05,431 - db_fetcher - INFO - fetching from db: "Curl"
2025-03-19 22:06:41,511 - db_fetcher - INFO - fetching from db: Curl
2025-03-19 22:07:14,308 - db_fetcher - INFO - fetching from db: Curl
2025-03-19 22:07:34,328 - db_fetcher - INFO - fetching from db: Curl
2025-03-19 22:08:57,567 - db_fetcher - INFO - fetching from db: Curl
2025-03-19 22:09:59,397 - db_fetcher - INFO - fetching from db: Curl
2025-03-19 22:13:33,891 - db_fetcher - INFO - fetching from db: Curl
2025-03-19 22:39:12,705 - db_fetcher - INFO - delete from db '2024-10-10 00:00:00', 'Curl'
2025-03-19 22:39:12,733 - db_fetcher - INFO - inserting into db: Curl 2024-10-10 00:00:00
2025-03-19 23:37:40,250 - db_fetcher - INFO - fetching from db: Curl
2025-03-20 09:18:18,496 - db_fetcher - INFO - fetching from db: Curl
2025-03-20 09:33:50,211 - db_fetcher - INFO - fetching from db: bicep_curl
2025-03-20 16:18:54,711 - db_fetcher - INFO - fetching from db: Curl
2025-03-20 16:32:20,565 - db_fetcher - INFO - fetching from db: Curl
2025-03-20 16:44:20,709 - db_fetcher - INFO - fetching from db: Curl
2025-03-20 16:54:29,802 - db_fetcher - INFO - fetching from db: bicep_curl
2025-03-20 16:54:40,643 - db_fetcher - INFO - fetching from db: bicep_curl
2025-03-20 16:57:35,769 - db_fetcher - INFO - fetching from db: bicep_curl
2025-03-20 16:57:39,856 - db_fetcher - INFO - fetching from db: bicep_curl
2025-03-20 17:02:46,310 - db_fetcher - INFO - delete from db '2024-10-10 00:00:00', 'Curl'
2025-03-20 17:02:46,346 - db_fetcher - INFO - inserting into db: Curl 2024-10-10 00:00:00
2025-03-20 17:03:16,941 - db_fetcher - INFO - delete from db '2024-10-10 00:00:00', 'Squat'
2025-03-20 17:03:16,949 - db_fetcher - INFO - inserting into db: Squat 2024-10-10 00:00:00
2025-03-20 17:03:33,974 - db_fetcher - INFO - fetching from db: bicep_curl
2025-03-20 17:03:36,053 - db_fetcher - INFO - delete from db '2024-08-01 00:00:00', 'bicep_curl'
2025-03-20 17:03:36,070 - db_fetcher - INFO - inserting into db: bicep_curl 2024-08-01 00:00:00
2025-03-20 17:06:34,883 - db_fetcher - INFO - fetching from db: bicep_curl
2025-03-20 17:06:40,418 - db_fetcher - INFO - fetching from db: bicep_curl
2025-03-20 17:07:14,552 - db_fetcher - INFO - fetching from db: bicep_curl
2025-03-20 17:10:19,186 - db_fetcher - INFO - fetching from db: bicep_curl
2025-03-20 17:10:22,650 - db_fetcher - INFO - fetching from db: bicep_curl
2025-03-20 17:11:16,796 - db_fetcher - INFO - fetching from db: bicep_curl
2025-03-20 17:11:20,111 - db_fetcher - INFO - fetching from db: bicep_curl
2025-03-20 17:13:13,589 - db_fetcher - INFO - fetching from db: bicep_curl
2025-03-20 17:13:17,136 - db_fetcher - INFO - fetching from db: bicep_curl
2025-03-20 17:13:43,237 - db_fetcher - INFO - fetching from db: bicep_curl
2025-03-20 17:14:34,332 - db_fetcher - INFO - fetching from db: bicep_curl
2025-03-20 17:14:40,374 - db_fetcher - INFO - fetching from db: bicep_curl
2025-03-20 17:14:57,699 - db_fetcher - INFO - fetching from db: bicep_curl
2025-03-20 17:15:01,196 - db_fetcher - INFO - fetching from db: bicep_curl
2025-03-20 17:16:12,536 - db_fetcher - INFO - fetching from db: bicep_curl
2025-03-20 17:16:50,915 - db_fetcher - INFO - fetching from db: bicep_curl
2025-03-20 17:17:01,072 - db_fetcher - INFO - fetching from db: bicep_curl
2025-03-20 17:18:01,263 - db_fetcher - INFO - fetching from db: bicep_curl
2025-03-20 17:18:04,753 - db_fetcher - INFO - fetching from db: bicep_curl
2025-03-20 17:19:12,976 - db_fetcher - INFO - fetching from db: bicep_curl
2025-03-20 17:19:16,505 - db_fetcher - INFO - fetching from db: bicep_curl
2025-03-20 17:19:46,542 - db_fetcher - INFO - fetching from db: bicep_curl
2025-03-20 17:19:48,251 - db_fetcher - INFO - fetching from db: bicep_curl
2025-03-20 17:20:10,420 - db_fetcher - INFO - fetching from db: bicep_curl
2025-03-20 17:20:12,488 - db_fetcher - INFO - delete from db '2024-08-01 00:00:00', 'bicep_curl'
2025-03-20 17:20:12,512 - db_fetcher - INFO - inserting into db: bicep_curl 2024-08-01 00:00:00
2025-03-20 17:20:23,338 - db_fetcher - INFO - fetching from db: bicep_curl
2025-03-20 17:20:25,128 - db_fetcher - INFO - fetching from db: bicep_curl
2025-03-20 17:20:27,191 - db_fetcher - INFO - delete from db '2024-08-02 00:00:00', 'bicep_curl'
2025-03-20 17:20:27,212 - db_fetcher - INFO - inserting into db: bicep_curl 2024-08-02 00:00:00
2025-03-20 17:20:36,095 - db_fetcher - INFO - fetching from db: bicep_curl
2025-03-20 17:25:06,516 - db_fetcher - INFO - fetching from db: bicep_curl
2025-03-20 17:25:07,503 - db_fetcher - INFO - fetching from db: bicep_curl
2025-03-20 17:25:09,590 - db_fetcher - INFO - delete from db '2024-08-02 00:00:00', 'bicep_curl'
2025-03-20 17:25:09,619 - db_fetcher - INFO - inserting into db: bicep_curl 2024-08-02 00:00:00
2025-03-20 17:25:14,633 - db_fetcher - INFO - fetching from db: bicep_curl
2025-03-20 17:25:16,714 - db_fetcher - INFO - delete from db '2024-08-02 00:00:00', 'bicep_curl'
2025-03-20 17:25:16,730 - db_fetcher - INFO - inserting into db: bicep_curl 2024-08-02 00:00:00
2025-03-20 17:25:21,277 - db_fetcher - INFO - fetching from db: bicep_curl
2025-03-20 17:25:45,919 - db_fetcher - INFO - fetching from db: bicep_curl
2025-03-20 17:25:47,398 - db_fetcher - INFO - fetching from db: bicep_curl
2025-03-20 17:25:49,485 - db_fetcher - INFO - delete from db '2024-08-03 00:00:00', 'bicep_curl'
2025-03-20 17:25:49,500 - db_fetcher - INFO - inserting into db: bicep_curl 2024-08-03 00:00:00
2025-03-20 17:25:53,742 - db_fetcher - INFO - fetching from db: bicep_curl
2025-03-20 17:27:10,679 - db_fetcher - INFO - fetching from db: bicep_curl
2025-03-20 17:27:15,750 - db_fetcher - INFO - fetching from db: bicep_curl
2025-03-20 17:28:01,063 - db_fetcher - INFO - fetching from db: bicep_curl
2025-03-20 17:28:20,120 - db_fetcher - INFO - fetching from db: bicep_curl
2025-03-20 17:28:26,053 - db_fetcher - INFO - fetching from db: bicep_curl
2025-03-20 17:30:16,590 - db_fetcher - INFO - fetching from db: Select a Workout
2025-03-20 17:30:27,974 - db_fetcher - INFO - fetching from db: bicep_curl
2025-03-20 17:30:32,179 - db_fetcher - INFO - fetching from db: bicep_curl
2025-03-20 17:32:15,081 - db_fetcher - INFO - fetching from db: bicep_curl
2025-03-20 17:32:17,433 - db_fetcher - INFO - fetching from db: Select a Workout
2025-03-20 17:32:22,209 - db_fetcher - INFO - fetching from db: bicep_curl
2025-03-20 17:32:31,410 - db_fetcher - INFO - fetching from db: bicep_curl
